INFO main org.apache.kafka.clients.producer.ProducerConfig - ProducerConfig values: 
	acks = -1
	batch.size = 16384
	bootstrap.servers = [10.104.90.93:9092]
	buffer.memory = 33554432
	client.dns.lookup = use_all_dns_ips
	client.id = producer-1
	compression.type = none
	connections.max.idle.ms = 540000
	delivery.timeout.ms = 120000
	enable.idempotence = true
	interceptor.classes = []
	key.serializer = class org.apache.kafka.common.serialization.StringSerializer
	linger.ms = 0
	max.block.ms = 60000
	max.in.flight.requests.per.connection = 5
	max.request.size = 1048576
	metadata.max.age.ms = 300000
	metadata.max.idle.ms = 300000
	metric.reporters = []
	metrics.num.samples = 2
	metrics.recording.level = INFO
	metrics.sample.window.ms = 30000
	partitioner.adaptive.partitioning.enable = true
	partitioner.availability.timeout.ms = 0
	partitioner.class = null
	partitioner.ignore.keys = false
	receive.buffer.bytes = 32768
	reconnect.backoff.max.ms = 1000
	reconnect.backoff.ms = 50
	request.timeout.ms = 30000
	retries = 2147483647
	retry.backoff.ms = 100
	sasl.client.callback.handler.class = null
	sasl.jaas.config = null
	sasl.kerberos.kinit.cmd = /usr/bin/kinit
	sasl.kerberos.min.time.before.relogin = 60000
	sasl.kerberos.service.name = null
	sasl.kerberos.ticket.renew.jitter = 0.05
	sasl.kerberos.ticket.renew.window.factor = 0.8
	sasl.login.callback.handler.class = null
	sasl.login.class = null
	sasl.login.connect.timeout.ms = null
	sasl.login.read.timeout.ms = null
	sasl.login.refresh.buffer.seconds = 300
	sasl.login.refresh.min.period.seconds = 60
	sasl.login.refresh.window.factor = 0.8
	sasl.login.refresh.window.jitter = 0.05
	sasl.login.retry.backoff.max.ms = 10000
	sasl.login.retry.backoff.ms = 100
	sasl.mechanism = GSSAPI
	sasl.oauthbearer.clock.skew.seconds = 30
	sasl.oauthbearer.expected.audience = null
	sasl.oauthbearer.expected.issuer = null
	sasl.oauthbearer.jwks.endpoint.refresh.ms = 3600000
	sasl.oauthbearer.jwks.endpoint.retry.backoff.max.ms = 10000
	sasl.oauthbearer.jwks.endpoint.retry.backoff.ms = 100
	sasl.oauthbearer.jwks.endpoint.url = null
	sasl.oauthbearer.scope.claim.name = scope
	sasl.oauthbearer.sub.claim.name = sub
	sasl.oauthbearer.token.endpoint.url = null
	security.protocol = PLAINTEXT
	security.providers = null
	send.buffer.bytes = 131072
	socket.connection.setup.timeout.max.ms = 30000
	socket.connection.setup.timeout.ms = 10000
	ssl.cipher.suites = null
	ssl.enabled.protocols = [TLSv1.2, TLSv1.3]
	ssl.endpoint.identification.algorithm = https
	ssl.engine.factory.class = null
	ssl.key.password = null
	ssl.keymanager.algorithm = SunX509
	ssl.keystore.certificate.chain = null
	ssl.keystore.key = null
	ssl.keystore.location = null
	ssl.keystore.password = null
	ssl.keystore.type = JKS
	ssl.protocol = TLSv1.3
	ssl.provider = null
	ssl.secure.random.implementation = null
	ssl.trustmanager.algorithm = PKIX
	ssl.truststore.certificates = null
	ssl.truststore.location = null
	ssl.truststore.password = null
	ssl.truststore.type = JKS
	transaction.timeout.ms = 60000
	transactional.id = null
	value.serializer = class io.confluent.kafka.serializers.json.KafkaJsonSchemaSerializer

INFO main io.confluent.kafka.serializers.json.KafkaJsonSchemaSerializerConfig - KafkaJsonSchemaSerializerConfig values: 
	auto.register.schemas = true
	basic.auth.credentials.source = URL
	basic.auth.user.info = [hidden]
	bearer.auth.credentials.source = STATIC_TOKEN
	bearer.auth.token = [hidden]
	context.name.strategy = class io.confluent.kafka.serializers.context.NullContextNameStrategy
	id.compatibility.strict = true
	json.fail.invalid.schema = false
	json.fail.unknown.properties = true
	json.indent.output = false
	json.oneof.for.nullables = true
	json.schema.spec.version = draft_7
	json.write.dates.iso8601 = false
	key.subject.name.strategy = class io.confluent.kafka.serializers.subject.TopicNameStrategy
	latest.compatibility.strict = true
	max.schemas.per.subject = 1000
	normalize.schemas = false
	proxy.host = 
	proxy.port = -1
	schema.format = null
	schema.reflection = false
	schema.registry.basic.auth.user.info = [hidden]
	schema.registry.ssl.cipher.suites = null
	schema.registry.ssl.enabled.protocols = [TLSv1.2, TLSv1.3]
	schema.registry.ssl.endpoint.identification.algorithm = https
	schema.registry.ssl.engine.factory.class = null
	schema.registry.ssl.key.password = null
	schema.registry.ssl.keymanager.algorithm = SunX509
	schema.registry.ssl.keystore.certificate.chain = null
	schema.registry.ssl.keystore.key = null
	schema.registry.ssl.keystore.location = null
	schema.registry.ssl.keystore.password = null
	schema.registry.ssl.keystore.type = JKS
	schema.registry.ssl.protocol = TLSv1.3
	schema.registry.ssl.provider = null
	schema.registry.ssl.secure.random.implementation = null
	schema.registry.ssl.trustmanager.algorithm = PKIX
	schema.registry.ssl.truststore.certificates = null
	schema.registry.ssl.truststore.location = null
	schema.registry.ssl.truststore.password = null
	schema.registry.ssl.truststore.type = JKS
	schema.registry.url = [http://schema-registry:8081]
	use.latest.version = false
	use.schema.id = -1
	value.subject.name.strategy = class io.confluent.kafka.serializers.subject.TopicNameStrategy

DEBUG main io.confluent.kafka.schemaregistry.client.security.SslFactory - Created SSL context with keystore null, truststore null, provider SunJSSE.
INFO main org.apache.kafka.clients.producer.KafkaProducer - [Producer clientId=producer-1] Instantiated an idempotent producer.
DEBUG kafka-producer-network-thread | producer-1 org.apache.kafka.clients.producer.internals.Sender - [Producer clientId=producer-1] Starting Kafka producer I/O thread.
DEBUG kafka-producer-network-thread | producer-1 org.apache.kafka.clients.producer.internals.TransactionManager - [Producer clientId=producer-1] Transition from state UNINITIALIZED to INITIALIZING
INFO main org.apache.kafka.common.utils.AppInfoParser - Kafka version: 3.3.1
INFO main org.apache.kafka.common.utils.AppInfoParser - Kafka commitId: e23c59d00e687ff5
INFO main org.apache.kafka.common.utils.AppInfoParser - Kafka startTimeMs: 1670845558671
DEBUG main org.apache.kafka.clients.producer.KafkaProducer - [Producer clientId=producer-1] Kafka producer started
DEBUG kafka-producer-network-thread | producer-1 org.apache.kafka.clients.producer.internals.TransactionManager - [Producer clientId=producer-1] Enqueuing transactional request InitProducerIdRequestData(transactionalId=null, transactionTimeoutMs=2147483647, producerId=-1, producerEpoch=-1)
DEBUG kafka-producer-network-thread | producer-1 org.apache.kafka.clients.NetworkClient - [Producer clientId=producer-1] Initialize connection to node 10.104.90.93:9092 (id: -1 rack: null) for sending metadata request
DEBUG kafka-producer-network-thread | producer-1 org.apache.kafka.clients.ClientUtils - Resolved host 10.104.90.93 as 10.104.90.93
DEBUG kafka-producer-network-thread | producer-1 org.apache.kafka.clients.NetworkClient - [Producer clientId=producer-1] Initiating connection to node 10.104.90.93:9092 (id: -1 rack: null) using address /10.104.90.93
